   used preset configuration: presetcfg=rc_presets_pc.ini
   
   -------------------------------------------------------
   Path=''
   File='Animations.cba'
   Human value not found in "AnimationDefinition" node "/../Objects/Characters/Human/US/NanoSuit/nanosuit_us.chr"
   Duplicate  "prone" "/../Objects/Characters/Human/US/NanoSuit/nanosuit_us.chr"
   Duplicate  "combat_runStart_rifle_forward_slow_rfoot_01.caf" "/../Objects/Characters/Human/US/NanoSuit/nanosuit_us.chr"
   Duplicate  "stealth_runStopShort_nw_back_slow_rfoot_01.caf" "/../Objects/Characters/Human/US/NanoSuit/nanosuit_us.chr"
   Duplicate  "stealth_walkStart_pistol_right_slow_rfoot_01.caf" "/../Objects/Characters/Human/US/NanoSuit/nanosuit_us.chr"
   Duplicate  "combat_runStart_nw_forward_slow_lfoot_01.caf" "/../Objects/Characters/Human/US/NanoSuit/nanosuit_us.chr"
   Duplicate  "relaxed_idleFootOnWallEnd_nw_01.caf" "/../Objects/Characters/Human/US/NanoSuit/nanosuit_us.chr"
   Duplicate  "combat_walkStrafeStop_pistol_left_slow_rfoot_01.caf" "/../Objects/Characters/Human/US/NanoSuit/nanosuit_us.chr"
   Duplicate  "relaxed_giveCPR_01.caf" "/../Objects/Characters/Human/US/NanoSuit/nanosuit_us.chr"
   Duplicate  "combat_step_rifle_forward_slow_rfoot_01.caf" "/../Objects/Characters/Human/US/NanoSuit/nanosuit_us.chr"
   Duplicate  "combat_step_rifle_back_slow_rfoot_01.caf" "/../Objects/Characters/Human/US/NanoSuit/nanosuit_us.chr"
   Duplicate  "relaxed_sleepingWithHatOnFaceEnd_hat_01.caf" "/../Objects/Characters/Human/US/NanoSuit/nanosuit_us.chr"
   Duplicate  "standUp_toCombat_nw_back_01.caf" "/../Objects/Characters/Human/US/NanoSuit/nanosuit_us.chr"
   Duplicate  "standUp_toCombat_nw_stomach_01.caf" "/../Objects/Characters/Human/US/NanoSuit/nanosuit_us.chr"
   Duplicate  "civSpeedboat_steering_01.caf" "/../Objects/Characters/Human/US/NanoSuit/nanosuit_us.chr"
   Duplicate  "combat_walk_rifle_back_slow_01.caf" "/../Objects/Characters/Human/US/NanoSuit/nanosuit_us.chr"
   Duplicate  "combat_walk_rifle_back_fast_01.caf" "/../Objects/Characters/Human/US/NanoSuit/nanosuit_us.chr"
   Duplicate  "stealth_walkStrafe_rifle_right_slow_01.caf" "/../Objects/Characters/Human/US/NanoSuit/nanosuit_us.chr"
   Duplicate  "stealth_walkStrafe_rifle_right_fast_01.caf" "/../Objects/Characters/Human/US/NanoSuit/nanosuit_us.chr"
   Duplicate  "stealth_runStrafe_rifle_left_fast_01.caf" "/../Objects/Characters/Human/US/NanoSuit/nanosuit_us.chr"
   Duplicate  "stealth_walkStrafe_nw_right_slow_01.caf" "/../Objects/Characters/Human/US/NanoSuit/nanosuit_us.chr"
   Duplicate  "stealth_runStrafe_nw_left_fast_01.caf" "/../Objects/Characters/Human/US/NanoSuit/nanosuit_us.chr"
   Duplicate  "stealth_run_nw_back_slow_01.caf" "/../Objects/Characters/Human/US/NanoSuit/nanosuit_us.chr"
   Duplicate  "crouch_walkStrafe_rifle_right_slow_01.caf" "/../Objects/Characters/Human/US/NanoSuit/nanosuit_us.chr"
   Duplicate  "crouch_walkStrafe_nw_left_slow_01.caf" "/../Objects/Characters/Human/US/NanoSuit/nanosuit_us.chr"
   Duplicate  "crouch_walkStrafe_nw_right_slow_01.caf" "/../Objects/Characters/Human/US/NanoSuit/nanosuit_us.chr"
   Duplicate  "crouch_duckIdleStart_pistol_right_01.caf" "/../Objects/Characters/Human/US/NanoSuit/nanosuit_us.chr"
   Duplicate  "crouch_duckIdleStart_pistol_left_01.caf" "/../Objects/Characters/Human/US/NanoSuit/nanosuit_us.chr"
   Duplicate  "crouch_duckIdleEnd_pistol_right_01.caf" "/../Objects/Characters/Human/US/NanoSuit/nanosuit_us.chr"
   Duplicate  "crouch_duckIdleEnd_pistol_left_01.caf" "/../Objects/Characters/Human/US/NanoSuit/nanosuit_us.chr"
   Duplicate  "prone" "/../Objects/Characters/Human/US/NanoSuit/nanosuit_us.chr"
   Duplicate  "prone" "/../Objects/Characters/Human/US/NanoSuit/nanosuit_us.chr"
   Human value not found in "AnimationDefinition" node "/../Objects/Characters/Human/US/officer/Morrison.chr"
   Human value not found in "AnimationDefinition" node "/../objects/characters/human/story/Helena_Rosenthal/Helena_Rosenthal.chr"
   Human value not found in "AnimationDefinition" node "/../objects/characters/human/US/Archaeologist/Archaeologist_female_02.chr"
   Human value not found in "AnimationDefinition" node "/../objects/characters/alien/Alienbase/Alienbase.chr"
   Human value not found in "AnimationDefinition" node "/../objects/characters/alien/hunter/hunter_body.chr"
   Human value not found in "AnimationDefinition" node "/../objects/characters/alien/trooper/trooper.chr"
   Human value not found in "AnimationDefinition" node "/../objects/characters/alien/scout/scout_body.chr"
   Human value not found in "AnimationDefinition" node "/../objects/weapons/asian/fy71/fy_71_fp.chr"
   Human value not found in "AnimationDefinition" node "/../objects/weapons/asian/Shi_Ten/Shi_Ten_vehicle.chr"
   Human value not found in "AnimationDefinition" node "/../objects/weapons/asian/Shi_Ten/Shi_Ten_mounted_fp.chr"
   Human value not found in "AnimationDefinition" node "/../objects/weapons/us/scar/scar_l-c_fp.chr"
   Human value not found in "AnimationDefinition" node "/../objects/weapons/us/socom/socom_right_fp.chr"
   Human value not found in "AnimationDefinition" node "/../objects/weapons/asian/ay69/ay69_right_fp.chr"
   Human value not found in "AnimationDefinition" node "/../objects/weapons/us/AT_Mine/at_mine_fp.chr"
   Human value not found in "AnimationDefinition" node "/../objects/weapons/us/c4/c4_fp.chr"
   Human value not found in "AnimationDefinition" node "/../objects/weapons/us/claymore/claymore_fp.chr"
   Human value not found in "AnimationDefinition" node "/../objects/weapons/us/Frag_Grenade/Frag_Grenade.chr"
   Human value not found in "AnimationDefinition" node "/../objects/weapons/us/Frag_Grenade/Frag_Grenade_left_fp.chr"
   Human value not found in "AnimationDefinition" node "/../objects/weapons/us/Gauss/Gauss_fp.chr"
   Human value not found in "AnimationDefinition" node "/../objects/weapons/us/Detonator/Detonator_fp.chr"
   Human value not found in "AnimationDefinition" node "/../objects/weapons/us/Hurricane/hurricane_fp.chr"
   Human value not found in "AnimationDefinition" node "/../objects/weapons/us/LAW/LAW_fp.chr"
   Human value not found in "AnimationDefinition" node "/../objects/weapons/us/NW/nw_arms_fp.chr"
   Human value not found in "AnimationDefinition" node "/../objects/weapons/us/Shotgun/shotgun_fp.chr"
   Human value not found in "AnimationDefinition" node "/../objects/weapons/us/FGL40/fgl40_fp.chr"
   Human value not found in "AnimationDefinition" node "/../objects/weapons/us/SMG/SMG_fp.chr"
   Human value not found in "AnimationDefinition" node "/../objects/weapons/us/sniper_dsg1/sniper_dsg1_fp.chr"
   Human value not found in "AnimationDefinition" node "/../objects/weapons/us/Transceiver/Transceiver_fp.chr"
   Human value not found in "AnimationDefinition" node "/../objects/weapons/us/Alien_Weapon_Mount/alien_weapon_mount_fp.chr"
   Human value not found in "AnimationDefinition" node "/../objects/weapons/us/Alien_Weapon_Mount/moar_fp.chr"
   Human value not found in "AnimationDefinition" node "/../objects/weapons/us/Alien_Weapon_Mount/moac_fp.chr"
   Human value not found in "AnimationDefinition" node "/../objects/weapons/us/Alien_Weapon_Mount/alien_weapon_mount_vehicle_fp.chr"
   Human value not found in "AnimationDefinition" node "/../objects/weapons/Equipment/Lockpick_Kit/Lockpick_Kit_fp.chr"
   Human value not found in "AnimationDefinition" node "/../objects/weapons/Equipment/Medical_Kit/medical_kit_fp.chr"
   Human value not found in "AnimationDefinition" node "/../objects/weapons/Equipment/Mine_Defuser/mine_defuser_fp.chr"
   Human value not found in "AnimationDefinition" node "/../objects/weapons/Equipment/Portable_Radar/portable_radar_fp.chr"
   Human value not found in "AnimationDefinition" node "/../objects/weapons/Equipment/Repair_Kit/repair_kit_fp.chr"
   Human value not found in "AnimationDefinition" node "/../objects/weapons/Equipment/Stabilize_kit/stabilize_kit_fp.chr"
   Human value not found in "AnimationDefinition" node "/../objects/weapons/us/Gauss/Gauss_mounted.chr"
   Human value not found in "AnimationDefinition" node "/../objects/weapons/us/Gauss/Gauss_vehicle.chr"
   Human value not found in "AnimationDefinition" node "/../objects/weapons/us/TAC_gun/TAC_gun_fp.chr"
   Human value not found in "AnimationDefinition" node "/../objects/weapons/us/NW/nw_arms_test.chr"
   Human value not found in "AnimationDefinition" node "/../Objects/Weapons/Attachments/grenade_launcher_rifle/grenade_launcher_rifle_fp.chr"
   Human value not found in "AnimationDefinition" node "/../Objects/Weapons/Attachments/tactical_attachment/tactical_attachment_fp.chr"
   Human value not found in "AnimationDefinition" node "/../Objects/Characters/Animals/Whiteshark/greatwhiteshark.chr"
   Human value not found in "AnimationDefinition" node "/../objects/library/animated/carrier/tower_fall.chr"
   Human value not found in "AnimationDefinition" node "/../objects/weapons/asian/FGL40/fgl40.chr"
   Human value not found in "AnimationDefinition" node "/../objects/weapons/asian/Mountable_20mm_MG/mountable_20mm_mg_fp.chr"
   SourceFolder: D:\Program Files\Electronic Arts\Crytek\Crysis Wars\Game\Animations
   Failed to load geometry file D:\Program Files\Electronic Arts\Crytek\Crysis Wars\Game\Animations\/../objects/weapons/Equipment/Medical_Kit/medical_kit_fp.chr - File D:\Program Files\Electronic Arts\Crytek\Crysis Wars\Game\Animations\/../objects/weapons/Equipment/Medical_Kit/medical_kit_fp.chr failed to open for reading
   Failed to load geometry file D:\Program Files\Electronic Arts\Crytek\Crysis Wars\Game\Animations\/../objects/weapons/Equipment/Stabilize_kit/stabilize_kit_fp.chr - File D:\Program Files\Electronic Arts\Crytek\Crysis Wars\Game\Animations\/../objects/weapons/Equipment/Stabilize_kit/stabilize_kit_fp.chr failed to open for reading
   Failed to load geometry file D:\Program Files\Electronic Arts\Crytek\Crysis Wars\Game\Animations\/../objects/weapons/us/NW/nw_arms_test.chr - File D:\Program Files\Electronic Arts\Crytek\Crysis Wars\Game\Animations\/../objects/weapons/us/NW/nw_arms_test.chr failed to open for reading
   Failed to load geometry file D:\Program Files\Electronic Arts\Crytek\Crysis Wars\Game\Animations\/../objects/weapons/asian/Mountable_20mm_MG/mountable_20mm_mg_fp.chr - File D:\Program Files\Electronic Arts\Crytek\Crysis Wars\Game\Animations\/../objects/weapons/asian/Mountable_20mm_MG/mountable_20mm_mg_fp.chr failed to open for reading
E: Probably the animation(d:/program files/electronic arts/crytek/crysis wars/mods/halo/game/animations/1st_person/weapons/gauss_sniper/unnamed.caf) was exported to an external path.
